<?xml version="1.0" encoding="UTF-8"?>
<!-- Generated by org.testng.reporters.JUnitReportReporter -->
<testsuite skipped="0" hostname="admin-PC" name="com.testersconnect.api.HSTestSuite" tests="3" failures="0" timestamp="27 May 2018 06:22:04 GMT" time="14.842" errors="0">
  <testcase name="verify_Create_Company" time="6.633" classname="com.testersconnect.api.HSTestSuite"/>
  <testcase name="verify_Update_Company" time="4.492" classname="com.testersconnect.api.HSTestSuite"/>
  <testcase name="verify_Delete_Company" time="3.717" classname="com.testersconnect.api.HSTestSuite"/>
</testsuite> <!-- com.testersconnect.api.HSTestSuite -->
